[debug] [2021-07-14T16:18:09.952Z] ----------------------------------------------------------------------
[debug] [2021-07-14T16:18:09.955Z] Command:       C:\Program Files\nodejs\node.exe C:\Users\Nautik\AppData\Roaming\npm\node_modules\firebase-tools\lib\bin\firebase.js init
[debug] [2021-07-14T16:18:09.955Z] CLI Version:   9.16.0
[debug] [2021-07-14T16:18:09.956Z] Platform:      win32
[debug] [2021-07-14T16:18:09.956Z] Node Version:  v14.17.3
[debug] [2021-07-14T16:18:09.957Z] Time:          Wed Jul 14 2021 21:48:09 GMT+0530 (India Standard Time)
[debug] [2021-07-14T16:18:09.957Z] ----------------------------------------------------------------------
[debug] 
[debug] [2021-07-14T16:18:10.030Z] > command requires scopes: ["email","openid","https://www.googleapis.com/auth/cloudplatformprojects.readonly","https://www.googleapis.com/auth/firebase","https://www.googleapis.com/auth/cloud-platform"]
[debug] [2021-07-14T16:18:10.030Z] > authorizing via signed-in user (surajkatre07@gmail.com)
[info] 
     ######## #### ########  ######## ########     ###     ######  ########
     ##        ##  ##     ## ##       ##     ##  ##   ##  ##       ##
     ######    ##  ########  ######   ########  #########  ######  ######
     ##        ##  ##    ##  ##       ##     ## ##     ##       ## ##
     ##       #### ##     ## ######## ########  ##     ##  ######  ########

You're about to initialize a Firebase project in this directory:

  G:\bizpage-master

Before we get started, keep in mind:

  * You are initializing within an existing Firebase project directory

